2022.07.17 20:51:01 INFO  tracing is disabled for protocol LSP, to enable tracing of incoming and outgoing JSON messages create an empty file at c:\Users\ACER\OneDrive\Documents\GitHub\Tutorial_3\Q1-Q5\.metals\lsp.trace.json or C:\Users\ACER\AppData\Local\scalameta\metals\cache\lsp.trace.json
2022.07.17 20:51:05 INFO  logging to file C:\Users\ACER\OneDrive\Documents\GitHub\Tutorial_3\Q1-Q5\.metals\metals.log
2022.07.17 20:51:05 INFO  Started: Metals version 0.11.7 in workspace 'C:\Users\ACER\OneDrive\Documents\GitHub\Tutorial_3\Q1-Q5' for client Visual Studio Code 1.69.1.
2022.07.17 20:51:09 INFO  time: initialize in 4.43s
2022.07.17 20:51:12 WARN  Flyway upgrade recommended: H2 2.1.214 is newer than this version of Flyway and support has not been tested. The latest supported version of H2 is 2.1.210.
2022.07.17 20:51:12 WARN  Build server is not auto-connectable.
2022.07.17 20:51:12 WARN  no build tool detected in workspace 'C:\Users\ACER\OneDrive\Documents\GitHub\Tutorial_3\Q1-Q5'. The most common cause for this problem is that the editor was opened in the wrong working directory, for example if you use sbt then the workspace directory should contain build.sbt. 
2022.07.17 20:51:15 WARN  no build target for: C:\Users\ACER\OneDrive\Documents\GitHub\Tutorial_3\Q1-Q5\Q1.scala
2022.07.17 20:51:16 WARN  no build target for: C:\Users\ACER\OneDrive\Documents\GitHub\Tutorial_3\Q1-Q5\Q1.scala
Jul 17, 2022 8:51:16 PM org.eclipse.lsp4j.jsonrpc.RemoteEndpoint handleCancellation
WARNING: Unmatched cancel notification for request id 2
Jul 17, 2022 8:51:16 PM org.eclipse.lsp4j.jsonrpc.RemoteEndpoint handleCancellation
WARNING: Unmatched cancel notification for request id 8
Jul 17, 2022 8:51:16 PM org.eclipse.lsp4j.jsonrpc.RemoteEndpoint handleCancellation
WARNING: Unmatched cancel notification for request id 3
2022.07.17 20:51:16 WARN  no build target for: C:\Users\ACER\OneDrive\Documents\GitHub\Tutorial_3\Q1-Q5\Q1.scala
2022.07.17 20:51:21 WARN  no build target for: C:\Users\ACER\OneDrive\Documents\GitHub\Tutorial_3\Q1-Q5\Q1.scala
Jul 17, 2022 8:51:22 PM org.eclipse.lsp4j.jsonrpc.RemoteEndpoint handleCancellation
WARNING: Unmatched cancel notification for request id 42
2022.07.17 20:51:24 INFO  no build target found for C:\Users\ACER\OneDrive\Documents\GitHub\Tutorial_3\Q1-Q5\Q1.scala. Using presentation compiler with project's scala-library version: 3.1.3
2022.07.17 20:51:25 WARN  no build target for: C:\Users\ACER\OneDrive\Documents\GitHub\Tutorial_3\Q1-Q5\Q1.scala
2022.07.17 20:51:30 WARN  no build target for: C:\Users\ACER\OneDrive\Documents\GitHub\Tutorial_3\Q1-Q5\Q1.scala
2022.07.17 20:51:30 INFO  time: code lens generation in 12s
2022.07.17 20:51:30 INFO  time: code lens generation in 13s
2022.07.17 20:51:30 INFO  time: code lens generation in 13s
2022.07.17 20:51:30 INFO  time: code lens generation in 10s
2022.07.17 20:51:30 INFO  time: code lens generation in 13s
2022.07.17 20:51:30 INFO  time: code lens generation in 13s
2022.07.17 20:51:30 INFO  time: code lens generation in 13s
2022.07.17 20:51:30 INFO  time: code lens generation in 13s
2022.07.17 20:51:30 INFO  time: code lens generation in 10s
2022.07.17 20:51:30 INFO  time: code lens generation in 13s
2022.07.17 20:51:30 INFO  time: code lens generation in 1.62s
2022.07.17 20:51:30 INFO  time: code lens generation in 2s
2022.07.17 20:51:30 INFO  time: code lens generation in 13s
2022.07.17 20:51:30 INFO  time: code lens generation in 11s
2022.07.17 20:51:30 INFO  time: code lens generation in 9.5s
2022.07.17 20:51:30 INFO  time: code lens generation in 13s
2022.07.17 20:51:30 INFO  time: code lens generation in 2s
2022.07.17 20:51:30 INFO  time: code lens generation in 6.29s
2022.07.17 20:51:30 INFO  time: code lens generation in 11s
2022.07.17 20:51:30 INFO  time: code lens generation in 5.29s
2022.07.17 20:51:30 INFO  time: code lens generation in 8.35s
2022.07.17 20:51:30 INFO  time: code lens generation in 6.29s
2022.07.17 20:51:30 INFO  time: code lens generation in 1.33s
2022.07.17 20:51:30 INFO  time: code lens generation in 13s
2022.07.17 20:51:30 INFO  time: code lens generation in 3s
2022.07.17 20:51:30 INFO  time: code lens generation in 13s
2022.07.17 20:51:30 INFO  time: code lens generation in 7.13s
2022.07.17 20:51:30 INFO  time: code lens generation in 11s
2022.07.17 20:51:30 INFO  time: code lens generation in 8.35s
2022.07.17 20:51:30 INFO  time: code lens generation in 11s
2022.07.17 20:51:30 INFO  time: code lens generation in 9.29s
2022.07.17 20:51:30 INFO  time: code lens generation in 1.33s
2022.07.17 20:51:30 INFO  time: code lens generation in 1.62s
2022.07.17 20:51:30 INFO  time: code lens generation in 5.29s
2022.07.17 20:51:30 INFO  time: code lens generation in 12s
2022.07.17 20:51:30 INFO  time: code lens generation in 3s
2022.07.17 20:51:30 INFO  time: code lens generation in 7.13s
2022.07.17 20:51:30 INFO  time: code lens generation in 13s
2022.07.17 20:51:33 WARN  no build target for: C:\Users\ACER\OneDrive\Documents\GitHub\Tutorial_3\Q1-Q5\Q2.scala
2022.07.17 20:51:43 WARN  no build target for: C:\Users\ACER\OneDrive\Documents\GitHub\Tutorial_3\Q1-Q5\Q2.scala
2022.07.17 20:51:45 WARN  no build target for: C:\Users\ACER\OneDrive\Documents\GitHub\Tutorial_3\Q1-Q5\Q2.scala
2022.07.17 20:51:58 WARN  no build target for: C:\Users\ACER\OneDrive\Documents\GitHub\Tutorial_3\Q1-Q5\Q2.scala
2022.07.17 20:52:01 WARN  no build target for: C:\Users\ACER\OneDrive\Documents\GitHub\Tutorial_3\Q1-Q5\Q2.scala
2022.07.17 20:52:03 WARN  no build target for: C:\Users\ACER\OneDrive\Documents\GitHub\Tutorial_3\Q1-Q5\Q2.scala
2022.07.17 20:52:05 WARN  no build target for: C:\Users\ACER\OneDrive\Documents\GitHub\Tutorial_3\Q1-Q5\Q2.scala
2022.07.17 20:52:07 WARN  no build target for: C:\Users\ACER\OneDrive\Documents\GitHub\Tutorial_3\Q1-Q5\Q2.scala
2022.07.17 20:52:16 WARN  no build target for: C:\Users\ACER\OneDrive\Documents\GitHub\Tutorial_3\Q1-Q5\Q2.scala
2022.07.17 20:52:17 WARN  no build target for: C:\Users\ACER\OneDrive\Documents\GitHub\Tutorial_3\Q1-Q5\Q2.scala
2022.07.17 20:52:23 WARN  no build target for: C:\Users\ACER\OneDrive\Documents\GitHub\Tutorial_3\Q1-Q5\Q2.scala
2022.07.17 20:52:31 WARN  no build target for: C:\Users\ACER\OneDrive\Documents\GitHub\Tutorial_3\Q1-Q5\Q2.scala
2022.07.17 20:52:37 WARN  no build target for: C:\Users\ACER\OneDrive\Documents\GitHub\Tutorial_3\Q1-Q5\Q2.scala
2022.07.17 20:52:43 WARN  no build target for: C:\Users\ACER\OneDrive\Documents\GitHub\Tutorial_3\Q1-Q5\Q2.scala
2022.07.17 20:52:49 WARN  no build target for: C:\Users\ACER\OneDrive\Documents\GitHub\Tutorial_3\Q1-Q5\Q2.scala
2022.07.17 20:53:01 WARN  no build target for: C:\Users\ACER\OneDrive\Documents\GitHub\Tutorial_3\Q1-Q5\Q2.scala
2022.07.17 20:53:04 WARN  no build target for: C:\Users\ACER\OneDrive\Documents\GitHub\Tutorial_3\Q1-Q5\Q2.scala
2022.07.17 20:53:06 WARN  no build target for: C:\Users\ACER\OneDrive\Documents\GitHub\Tutorial_3\Q1-Q5\Q2.scala
2022.07.17 20:53:08 WARN  no build target for: C:\Users\ACER\OneDrive\Documents\GitHub\Tutorial_3\Q1-Q5\Q2.scala
2022.07.17 20:53:11 WARN  no build target for: C:\Users\ACER\OneDrive\Documents\GitHub\Tutorial_3\Q1-Q5\Q2.scala
Jul 17, 2022 8:53:12 PM org.eclipse.lsp4j.jsonrpc.RemoteEndpoint handleCancellation
WARNING: Unmatched cancel notification for request id 445
Jul 17, 2022 8:53:12 PM org.eclipse.lsp4j.jsonrpc.RemoteEndpoint handleCancellation
WARNING: Unmatched cancel notification for request id 446
2022.07.17 20:53:20 WARN  no build target for: C:\Users\ACER\OneDrive\Documents\GitHub\Tutorial_3\Q1-Q5\Q2.scala
2022.07.17 20:53:21 WARN  no build target for: C:\Users\ACER\OneDrive\Documents\GitHub\Tutorial_3\Q1-Q5\Q2.scala
2022.07.17 20:53:25 WARN  no build target for: C:\Users\ACER\OneDrive\Documents\GitHub\Tutorial_3\Q1-Q5\Q3.scala
2022.07.17 20:53:32 WARN  no build target for: C:\Users\ACER\OneDrive\Documents\GitHub\Tutorial_3\Q1-Q5\Q3.scala
2022.07.17 20:53:38 WARN  no build target for: C:\Users\ACER\OneDrive\Documents\GitHub\Tutorial_3\Q1-Q5\Q3.scala
2022.07.17 20:53:52 WARN  no build target for: C:\Users\ACER\OneDrive\Documents\GitHub\Tutorial_3\Q1-Q5\Q3.scala
2022.07.17 20:53:55 WARN  no build target for: C:\Users\ACER\OneDrive\Documents\GitHub\Tutorial_3\Q1-Q5\Q3.scala
2022.07.17 20:54:01 WARN  no build target for: C:\Users\ACER\OneDrive\Documents\GitHub\Tutorial_3\Q1-Q5\Q3.scala
2022.07.17 20:54:06 WARN  no build target for: C:\Users\ACER\OneDrive\Documents\GitHub\Tutorial_3\Q1-Q5\Q3.scala
2022.07.17 20:54:16 WARN  no build target for: C:\Users\ACER\OneDrive\Documents\GitHub\Tutorial_3\Q1-Q5\Q3.scala
2022.07.17 20:54:17 WARN  no build target for: C:\Users\ACER\OneDrive\Documents\GitHub\Tutorial_3\Q1-Q5\Q3.scala
2022.07.17 20:54:25 WARN  no build target for: C:\Users\ACER\OneDrive\Documents\GitHub\Tutorial_3\Q1-Q5\Q3.scala
2022.07.17 20:54:27 WARN  no build target for: C:\Users\ACER\OneDrive\Documents\GitHub\Tutorial_3\Q1-Q5\Q3.scala
2022.07.17 20:54:32 WARN  no build target for: C:\Users\ACER\OneDrive\Documents\GitHub\Tutorial_3\Q1-Q5\Q4.scala
2022.07.17 20:54:43 WARN  no build target for: C:\Users\ACER\OneDrive\Documents\GitHub\Tutorial_3\Q1-Q5\Q5.scala
